<?xml version="1.0" encoding="UTF-8"?>
<!-- Generated by org.testng.reporters.JUnitReportReporter -->
<testsuite hostname="NAYANA" failures="0" tests="1" name="test.Automatepagetest" time="8.860" errors="0" timestamp="2023-07-31T11:37:28 IST" skipped="0">
  <testcase classname="test.Automatepagetest" name="testing" time="8.860"/>
  <system-out/>
</testsuite> <!-- test.Automatepagetest -->
